

*******************************************************************************
Thu Apr  6 20:33:16 2017


FIT:    data read from "ejecuciones.dat" using 1:2
        format = x:z
        #datapoints = 99
        residuals are weighted equally (unit weight)

function used for fitting: f(x)
	f(x) = ax+b
BREAK: Need via and either parameter list or file

*******************************************************************************
Thu Apr  6 20:33:33 2017


FIT:    data read from "ejecuciones.dat" using 1:2
        format = x:z
        #datapoints = 99
        residuals are weighted equally (unit weight)

function used for fitting: f(x)
	f(x) = ax+b
fitted parameters initialized with current variable values



*******************************************************************************
Thu Apr  6 20:33:49 2017


FIT:    data read from "ejecuciones.dat" using 1:2
        format = x:z
        #datapoints = 99
        residuals are weighted equally (unit weight)

function used for fitting: f(x)
	f(x) = ax+b
fitted parameters initialized with current variable values



*******************************************************************************
Thu Apr  6 20:34:06 2017


FIT:    data read from "ejecuciones.dat" using 1:2
        format = x:z
        #datapoints = 99
        residuals are weighted equally (unit weight)

function used for fitting: f(x)
	f(x) = a*x+ b
fitted parameters initialized with current variable values

iter      chisq       delta/lim  lambda   a             b            
   0 3.2834888749e+17   0.00e+00  4.07e+07    1.000000e+00   1.000000e+00
   4 2.0269742602e+05  -3.93e-06  4.07e+03    1.694089e-06   1.000000e+00

After 4 iterations the fit converged.
final sum of squares of residuals : 202697
rel. change during last iteration : -3.93162e-11

degrees of freedom    (FIT_NDF)                        : 97
rms of residuals      (FIT_STDFIT) = sqrt(WSSR/ndf)    : 45.7128
variance of residuals (reduced chisquare) = WSSR/ndf   : 2089.66

Final set of parameters            Asymptotic Standard Error
=======================            ==========================
a               = 1.69409e-06      +/- 1.608e-07    (9.49%)
b               = 1                +/- 9.259        (925.9%)

correlation matrix of the fit parameters:
                a      b      
a               1.000 
b              -0.868  1.000 


*******************************************************************************
Thu Apr  6 20:35:24 2017


FIT:    data read from "ejecuciones.dat" using 1:3
        format = x:z
        #datapoints = 99
        residuals are weighted equally (unit weight)

function used for fitting: g(x)
	g(x) = a*log(x) + b
fitted parameters initialized with current variable values

iter      chisq       delta/lim  lambda   a             b            
   0 2.7520903161e+04   0.00e+00  7.07e-01    1.694089e-06   1.000000e+00
   3 5.8474679047e+02  -7.94e-02  7.07e-04    5.381203e-06   1.749486e+01

After 3 iterations the fit converged.
final sum of squares of residuals : 584.747
rel. change during last iteration : -7.9362e-07

degrees of freedom    (FIT_NDF)                        : 97
rms of residuals      (FIT_STDFIT) = sqrt(WSSR/ndf)    : 2.45526
variance of residuals (reduced chisquare) = WSSR/ndf   : 6.02832

Final set of parameters            Asymptotic Standard Error
=======================            ==========================
a               = 5.3812e-06       +/- 0.2674       (4.969e+06%)
b               = 17.4949          +/- 4.67         (26.7%)

correlation matrix of the fit parameters:
                a      b      
a               1.000 
b              -0.999  1.000 


*******************************************************************************
Thu Apr  6 20:36:11 2017


FIT:    data read from "ejecuciones.dat" using 1:2
        format = x:z
        #datapoints = 99
        residuals are weighted equally (unit weight)

function used for fitting: f(x)
	f(x) = a*x+ b
fitted parameters initialized with current variable values

iter      chisq       delta/lim  lambda   a             b            
   0 5.2929106957e+06   0.00e+00  2.19e+02    5.381203e-06   1.749486e+01
   4 2.0242653825e+05  -2.19e-06  2.19e-02    1.643834e-06   4.333539e+00

After 4 iterations the fit converged.
final sum of squares of residuals : 202427
rel. change during last iteration : -2.19468e-11

degrees of freedom    (FIT_NDF)                        : 97
rms of residuals      (FIT_STDFIT) = sqrt(WSSR/ndf)    : 45.6823
variance of residuals (reduced chisquare) = WSSR/ndf   : 2086.87

Final set of parameters            Asymptotic Standard Error
=======================            ==========================
a               = 1.64383e-06      +/- 1.607e-07    (9.773%)
b               = 4.33354          +/- 9.252        (213.5%)

correlation matrix of the fit parameters:
                a      b      
a               1.000 
b              -0.868  1.000 


*******************************************************************************
Thu Apr  6 20:36:49 2017


FIT:    data read from "ejecuciones.dat" using 1:2
        format = x:z
        #datapoints = 99
        residuals are weighted equally (unit weight)

function used for fitting: f(x)
	f(x) = a*x+ b
fitted parameters initialized with current variable values

iter      chisq       delta/lim  lambda   a             b            
   0 2.0242653825e+05   0.00e+00  6.70e+01    1.643834e-06   4.333539e+00
   1 2.0242653825e+05   0.00e+00  6.70e+00    1.643834e-06   4.333539e+00

After 1 iterations the fit converged.
final sum of squares of residuals : 202427
rel. change during last iteration : 0

degrees of freedom    (FIT_NDF)                        : 97
rms of residuals      (FIT_STDFIT) = sqrt(WSSR/ndf)    : 45.6823
variance of residuals (reduced chisquare) = WSSR/ndf   : 2086.87

Final set of parameters            Asymptotic Standard Error
=======================            ==========================
a               = 1.64383e-06      +/- 1.607e-07    (9.773%)
b               = 4.33354          +/- 9.252        (213.5%)

correlation matrix of the fit parameters:
                a      b      
a               1.000 
b              -0.868  1.000 


*******************************************************************************
Thu Apr  6 21:26:00 2017


FIT:    data read from "ejecuciones.dat" using 1:3
        format = x:z
        #datapoints = 99
        residuals are weighted equally (unit weight)

function used for fitting: g(x)
fitted parameters initialized with current variable values



*******************************************************************************
Thu Apr  6 21:26:12 2017


FIT:    data read from "ejecuciones.dat" using 1:3
        format = x:z
        #datapoints = 99
        residuals are weighted equally (unit weight)

function used for fitting: g(x)
	g(x) = a*log(x) + b
fitted parameters initialized with current variable values

iter      chisq       delta/lim  lambda   a             b            
   0 6.3091218360e+02   0.00e+00  1.24e+01    1.000000e+00   1.000000e+00
   5 5.3680544328e+02  -3.52e-07  1.24e-04    7.540333e-01   4.342250e+00

After 5 iterations the fit converged.
final sum of squares of residuals : 536.805
rel. change during last iteration : -3.52345e-12

degrees of freedom    (FIT_NDF)                        : 97
rms of residuals      (FIT_STDFIT) = sqrt(WSSR/ndf)    : 2.35246
variance of residuals (reduced chisquare) = WSSR/ndf   : 5.53408

Final set of parameters            Asymptotic Standard Error
=======================            ==========================
a               = 0.754033         +/- 0.2562       (33.98%)
b               = 4.34225          +/- 4.475        (103.1%)

correlation matrix of the fit parameters:
                a      b      
a               1.000 
b              -0.999  1.000 


*******************************************************************************
Thu Apr  6 21:26:30 2017


FIT:    data read from "ejecuciones.dat" using 1:2
        format = x:z
        #datapoints = 99
        residuals are weighted equally (unit weight)

function used for fitting: f(x)
	f(x) = a*x+b
fitted parameters initialized with current variable values

iter      chisq       delta/lim  lambda   a             b            
   0 1.8668788516e+17   0.00e+00  3.07e+07    7.540333e-01   4.342250e+00
   4 2.0242654010e+05  -2.39e-09  3.07e+03    1.643703e-06   4.342250e+00

After 4 iterations the fit converged.
final sum of squares of residuals : 202427
rel. change during last iteration : -2.38666e-14

degrees of freedom    (FIT_NDF)                        : 97
rms of residuals      (FIT_STDFIT) = sqrt(WSSR/ndf)    : 45.6823
variance of residuals (reduced chisquare) = WSSR/ndf   : 2086.87

Final set of parameters            Asymptotic Standard Error
=======================            ==========================
a               = 1.6437e-06       +/- 1.607e-07    (9.774%)
b               = 4.34225          +/- 9.252        (213.1%)

correlation matrix of the fit parameters:
                a      b      
a               1.000 
b              -0.868  1.000 
